  gen.c
  launch.c
d:\projectcpp\mycompiler\mycompiler\launch.c(197): warning C4047: ==: "int" отличается по уровням косвенного обращения от "void *"
d:\projectcpp\mycompiler\mycompiler\launch.c(198): warning C4013: error: нет определения; предполагается "extern" с возвратом типа "int"
d:\projectcpp\mycompiler\mycompiler\launch.c(199): warning C4047: =: "int *" отличается по уровням косвенного обращения от "int"
d:\projectcpp\mycompiler\mycompiler\launch.c(209): warning C4477: "printf": в строке форматирования "%s" требуется аргумент типа "char *", но вариативный аргумент "1" имеет тип "int"
d:\projectcpp\mycompiler\mycompiler\launch.c(212): warning C4047: =: "int *" отличается по уровням косвенного обращения от "int"
d:\projectcpp\mycompiler\mycompiler\launch.c(218): warning C4047: =: "int *" отличается по уровням косвенного обращения от "int"
d:\projectcpp\mycompiler\mycompiler\launch.c(24): warning C4047: инициализация: "int *" отличается по уровням косвенного обращения от "int"
d:\projectcpp\mycompiler\mycompiler\launch.c(37): warning C4047: инициализация: "int *" отличается по уровням косвенного обращения от "int"
d:\projectcpp\mycompiler\mycompiler\launch.c(82): warning C4047: инициализация: "int *" отличается по уровням косвенного обращения от "int"
d:\projectcpp\mycompiler\mycompiler\launch.c(321): warning C4047: инициализация: "int *" отличается по уровням косвенного обращения от "int"
  pars.c
d:\projectcpp\mycompiler\mycompiler\pars.c(42): warning C4047: функция: "int" отличается по уровням косвенного обращения от "int *"
d:\projectcpp\mycompiler\mycompiler\pars.c(42): warning C4024: gen: различные типы для формального и фактического параметров 2
d:\projectcpp\mycompiler\mycompiler\pars.c(46): warning C4047: функция: "int" отличается по уровням косвенного обращения от "int *"
d:\projectcpp\mycompiler\mycompiler\pars.c(46): warning C4024: gen: различные типы для формального и фактического параметров 2
d:\projectcpp\mycompiler\mycompiler\pars.c(57): warning C4013: expr: нет определения; предполагается "extern" с возвратом типа "int"
d:\projectcpp\mycompiler\mycompiler\pars.c(60): warning C4047: функция: "int" отличается по уровням косвенного обращения от "void *"
d:\projectcpp\mycompiler\mycompiler\pars.c(60): warning C4024: gen: различные типы для формального и фактического параметров 2
d:\projectcpp\mycompiler\mycompiler\pars.c(79): warning C4047: функция: "int" отличается по уровням косвенного обращения от "void *"
d:\projectcpp\mycompiler\mycompiler\pars.c(79): warning C4024: gen: различные типы для формального и фактического параметров 2
d:\projectcpp\mycompiler\mycompiler\pars.c(80): warning C4047: функция: "int" отличается по уровням косвенного обращения от "void *"
d:\projectcpp\mycompiler\mycompiler\pars.c(80): warning C4024: gen: различные типы для формального и фактического параметров 2
d:\projectcpp\mycompiler\mycompiler\pars.c(100): warning C4047: функция: "int" отличается по уровням косвенного обращения от "void *"
d:\projectcpp\mycompiler\mycompiler\pars.c(100): warning C4024: gen: различные типы для формального и фактического параметров 2
d:\projectcpp\mycompiler\mycompiler\pars.c(101): warning C4047: функция: "int" отличается по уровням косвенного обращения от "void *"
d:\projectcpp\mycompiler\mycompiler\pars.c(101): warning C4024: gen: различные типы для формального и фактического параметров 2
d:\projectcpp\mycompiler\mycompiler\pars.c(120): warning C4047: функция: "int" отличается по уровням косвенного обращения от "void *"
d:\projectcpp\mycompiler\mycompiler\pars.c(120): warning C4024: gen: различные типы для формального и фактического параметров 2
d:\projectcpp\mycompiler\mycompiler\pars.c(139): warning C4047: функция: "int" отличается по уровням косвенного обращения от "void *"
d:\projectcpp\mycompiler\mycompiler\pars.c(139): warning C4024: gen: различные типы для формального и фактического параметров 2
d:\projectcpp\mycompiler\mycompiler\pars.c(140): warning C4047: функция: "int" отличается по уровням косвенного обращения от "void *"
d:\projectcpp\mycompiler\mycompiler\pars.c(140): warning C4024: gen: различные типы для формального и фактического параметров 2
d:\projectcpp\mycompiler\mycompiler\pars.c(141): warning C4047: функция: "int" отличается по уровням косвенного обращения от "void *"
d:\projectcpp\mycompiler\mycompiler\pars.c(141): warning C4024: gen: различные типы для формального и фактического параметров 2
d:\projectcpp\mycompiler\mycompiler\pars.c(142): warning C4047: функция: "int" отличается по уровням косвенного обращения от "void *"
d:\projectcpp\mycompiler\mycompiler\pars.c(142): warning C4024: gen: различные типы для формального и фактического параметров 2
d:\projectcpp\mycompiler\mycompiler\pars.c(143): warning C4047: функция: "int" отличается по уровням косвенного обращения от "void *"
d:\projectcpp\mycompiler\mycompiler\pars.c(143): warning C4024: gen: различные типы для формального и фактического параметров 2
d:\projectcpp\mycompiler\mycompiler\pars.c(144): warning C4047: функция: "int" отличается по уровням косвенного обращения от "void *"
d:\projectcpp\mycompiler\mycompiler\pars.c(144): warning C4024: gen: различные типы для формального и фактического параметров 2
d:\projectcpp\mycompiler\mycompiler\pars.c(172): warning C4047: функция: "int" отличается по уровням косвенного обращения от "int *"
d:\projectcpp\mycompiler\mycompiler\pars.c(172): warning C4024: gen: различные типы для формального и фактического параметров 2
d:\projectcpp\mycompiler\mycompiler\pars.c(174): warning C4047: функция: "int" отличается по уровням косвенного обращения от "void *"
d:\projectcpp\mycompiler\mycompiler\pars.c(174): warning C4024: gen: различные типы для формального и фактического параметров 2
d:\projectcpp\mycompiler\mycompiler\pars.c(175): warning C4047: функция: "int" отличается по уровням косвенного обращения от "void *"
d:\projectcpp\mycompiler\mycompiler\pars.c(175): warning C4024: gen: различные типы для формального и фактического параметров 2
d:\projectcpp\mycompiler\mycompiler\pars.c(176): warning C4047: функция: "int" отличается по уровням косвенного обращения от "void *"
d:\projectcpp\mycompiler\mycompiler\pars.c(176): warning C4024: gen: различные типы для формального и фактического параметров 2
d:\projectcpp\mycompiler\mycompiler\pars.c(177): warning C4047: функция: "int" отличается по уровням косвенного обращения от "void *"
d:\projectcpp\mycompiler\mycompiler\pars.c(177): warning C4024: gen: различные типы для формального и фактического параметров 2
d:\projectcpp\mycompiler\mycompiler\pars.c(178): warning C4047: функция: "int" отличается по уровням косвенного обращения от "void *"
d:\projectcpp\mycompiler\mycompiler\pars.c(178): warning C4024: gen: различные типы для формального и фактического параметров 2
d:\projectcpp\mycompiler\mycompiler\pars.c(179): warning C4047: функция: "int" отличается по уровням косвенного обращения от "void *"
d:\projectcpp\mycompiler\mycompiler\pars.c(179): warning C4024: gen: различные типы для формального и фактического параметров 2
d:\projectcpp\mycompiler\mycompiler\pars.c(197): warning C4047: функция: "int" отличается по уровням косвенного обращения от "int *"
d:\projectcpp\mycompiler\mycompiler\pars.c(197): warning C4024: gen: различные типы для формального и фактического параметров 2
d:\projectcpp\mycompiler\mycompiler\pars.c(198): warning C4047: функция: "int" отличается по уровням косвенного обращения от "void *"
d:\projectcpp\mycompiler\mycompiler\pars.c(198): warning C4024: gen: различные типы для формального и фактического параметров 2
d:\projectcpp\mycompiler\mycompiler\pars.c(201): warning C4047: функция: "int" отличается по уровням косвенного обращения от "void *"
d:\projectcpp\mycompiler\mycompiler\pars.c(201): warning C4024: newToken: различные типы для формального и фактического параметров 2
d:\projectcpp\mycompiler\mycompiler\pars.c(216): warning C4047: функция: "int" отличается по уровням косвенного обращения от "int *"
d:\projectcpp\mycompiler\mycompiler\pars.c(216): warning C4024: gen: различные типы для формального и фактического параметров 2
d:\projectcpp\mycompiler\mycompiler\pars.c(221): warning C4047: функция: "int" отличается по уровням косвенного обращения от "void *"
d:\projectcpp\mycompiler\mycompiler\pars.c(221): warning C4024: gen: различные типы для формального и фактического параметров 2
d:\projectcpp\mycompiler\mycompiler\pars.c(232): warning C4047: функция: "int" отличается по уровням косвенного обращения от "void *"
d:\projectcpp\mycompiler\mycompiler\pars.c(232): warning C4024: gen: различные типы для формального и фактического параметров 2
d:\projectcpp\mycompiler\mycompiler\pars.c(233): warning C4047: функция: "int" отличается по уровням косвенного обращения от "int *"
d:\projectcpp\mycompiler\mycompiler\pars.c(233): warning C4024: gen: различные типы для формального и фактического параметров 2
d:\projectcpp\mycompiler\mycompiler\pars.c(238): warning C4047: функция: "int" отличается по уровням косвенного обращения от "void *"
d:\projectcpp\mycompiler\mycompiler\pars.c(238): warning C4024: gen: различные типы для формального и фактического параметров 2
d:\projectcpp\mycompiler\mycompiler\pars.c(240): warning C4047: функция: "int" отличается по уровням косвенного обращения от "void *"
d:\projectcpp\mycompiler\mycompiler\pars.c(240): warning C4024: gen: различные типы для формального и фактического параметров 2
d:\projectcpp\mycompiler\mycompiler\pars.c(241): warning C4047: функция: "int" отличается по уровням косвенного обращения от "int *"
d:\projectcpp\mycompiler\mycompiler\pars.c(241): warning C4024: gen: различные типы для формального и фактического параметров 2
d:\projectcpp\mycompiler\mycompiler\pars.c(247): warning C4047: функция: "int" отличается по уровням косвенного обращения от "void *"
d:\projectcpp\mycompiler\mycompiler\pars.c(247): warning C4024: gen: различные типы для формального и фактического параметров 2
d:\projectcpp\mycompiler\mycompiler\pars.c(274): warning C4047: функция: "int" отличается по уровням косвенного обращения от "int *"
d:\projectcpp\mycompiler\mycompiler\pars.c(274): warning C4024: gen: различные типы для формального и фактического параметров 2
d:\projectcpp\mycompiler\mycompiler\pars.c(280): warning C4047: функция: "int" отличается по уровням косвенного обращения от "void *"
d:\projectcpp\mycompiler\mycompiler\pars.c(280): warning C4024: gen: различные типы для формального и фактического параметров 2
d:\projectcpp\mycompiler\mycompiler\pars.c(295): warning C4047: функция: "int" отличается по уровням косвенного обращения от "char *"
d:\projectcpp\mycompiler\mycompiler\pars.c(295): warning C4024: gen: различные типы для формального и фактического параметров 2
d:\projectcpp\mycompiler\mycompiler\pars.c(312): warning C4047: функция: "int" отличается по уровням косвенного обращения от "int *"
d:\projectcpp\mycompiler\mycompiler\pars.c(312): warning C4024: gen: различные типы для формального и фактического параметров 2
d:\projectcpp\mycompiler\mycompiler\pars.c(323): warning C4047: функция: "int" отличается по уровням косвенного обращения от "void *"
d:\projectcpp\mycompiler\mycompiler\pars.c(323): warning C4024: newToken: различные типы для формального и фактического параметров 2
d:\projectcpp\mycompiler\mycompiler\pars.c(327): warning C4047: функция: "int" отличается по уровням косвенного обращения от "void *"
d:\projectcpp\mycompiler\mycompiler\pars.c(327): warning C4024: gen: различные типы для формального и фактического параметров 2
d:\projectcpp\mycompiler\mycompiler\pars.c(328): warning C4047: функция: "int" отличается по уровням косвенного обращения от "void *"
d:\projectcpp\mycompiler\mycompiler\pars.c(328): warning C4024: gen: различные типы для формального и фактического параметров 2
  Создание кода...
  myCompiler.vcxproj -> D:\ProjectCpp\myCompiler\Debug\myCompiler.exe
